<?xml version="1.0" encoding="UTF-8"?>
<!-- Generated by org.testng.reporters.JUnitReportReporter -->
<testsuite hostname="DESKTOP-LR39V9M" failures="0" tests="1" name="testCase.TC_002_LoginTest" time="1.254" errors="0" timestamp="2023-01-12T12:50:02 EST" skipped="0">
  <testcase classname="testCase.TC_002_LoginTest" name="test_Login" time="1.254"/>
  <system-out/>
</testsuite> <!-- testCase.TC_002_LoginTest -->
