<?xml version="1.0" encoding="UTF-8"?>
<!-- Generated by org.testng.reporters.JUnitReportReporter -->
<testsuite hostname="DESKTOP-LR39V9M" failures="0" tests="1" name="testCase.TC_001_AccountRegistrationTest" time="1.840" errors="0" timestamp="2023-01-12T12:50:02 EST" skipped="0">
  <testcase classname="testCase.TC_001_AccountRegistrationTest" name="test_account_Registration" time="1.840"/>
  <system-out/>
</testsuite> <!-- testCase.TC_001_AccountRegistrationTest -->
