<?xml version="1.0" encoding="UTF-8"?>
<!-- Generated by org.testng.reporters.JUnitReportReporter -->
<testsuite skipped="0" hostname="DESKTOP-LR39V9M" name="testCase.TC_002_LoginTest" tests="1" failures="0" timestamp="2023-01-13T05:42:51 EST" time="1.000" errors="0">
  <testcase name="test_Login" time="1.000" classname="testCase.TC_002_LoginTest"/>
  <system-out/>
</testsuite> <!-- testCase.TC_002_LoginTest -->
