<?xml version="1.0" encoding="UTF-8"?>
<!-- Generated by org.testng.reporters.JUnitReportReporter -->
<testsuite skipped="0" hostname="DESKTOP-LR39V9M" name="testCase.TC_001_AccountRegistrationTest" tests="1" failures="0" timestamp="2023-01-13T05:42:51 EST" time="2.403" errors="0">
  <testcase name="test_account_Registration" time="2.403" classname="testCase.TC_001_AccountRegistrationTest"/>
  <system-out/>
</testsuite> <!-- testCase.TC_001_AccountRegistrationTest -->
